[2022-11-02 15:40:04,804][root][INFO] - CFG's local_rank=-1
[2022-11-02 15:40:04,804][root][INFO] - Env WORLD_SIZE=None
[2022-11-02 15:40:04,858][root][INFO] - Initialized host cn-a011 as d.rank -1 on device=cuda, n_gpu=1, world size=1
[2022-11-02 15:40:04,859][root][INFO] - 16-bits training: False 
[2022-11-02 15:40:04,859][root][INFO] - Reading saved model from /network/scratch/p/parishad.behnamghader/FiD/DPR/dpr/downloads/checkpoint/retriever/single/nq/bert-base-encoder.cp
[2022-11-02 15:40:05,869][root][INFO] - model_state_dict keys odict_keys(['model_dict', 'optimizer_dict', 'scheduler_dict', 'offset', 'epoch', 'encoder_params'])
[2022-11-02 15:40:05,870][root][INFO] - CFG:
[2022-11-02 15:40:05,872][root][INFO] - encoder:
  encoder_model_type: hf_bert
  pretrained_model_cfg: bert-base-uncased
  pretrained_file: null
  projection_dim: 0
  sequence_length: 256
  dropout: 0.1
  fix_ctx_encoder: false
  pretrained: true
ctx_sources:
  dpr_wiki:
    _target_: dpr.data.retriever_data.CsvCtxSrc
    file: data.wikipedia_split.psgs_w100
    id_prefix: 'wiki:'
model_file: /network/scratch/p/parishad.behnamghader/FiD/DPR/dpr/downloads/checkpoint/retriever/single/nq/bert-base-encoder.cp
ctx_src: dpr_wiki
encoder_type: ctx
out_file: my_out_file
do_lower_case: true
shard_id: 0
num_shards: 1
batch_size: 32
tables_as_passages: false
special_tokens: null
tables_chunk_sz: 100
tables_split_type: type1
local_rank: -1
device: cuda
distributed_world_size: 1
distributed_port: null
no_cuda: false
n_gpu: 1
fp16: false
fp16_opt_level: O1

[2022-11-02 15:40:05,883][transformers.file_utils][INFO] - PyTorch version 1.6.0 available.
[2022-11-02 15:40:06,253][dpr.models.hf_models][INFO] - Initializing HF BERT Encoder. cfg_name=bert-base-uncased
[2022-11-02 15:40:06,419][transformers.configuration_utils][INFO] - loading configuration file https://s3.amazonaws.com/models.huggingface.co/bert/bert-base-uncased-config.json from cache at /home/mila/p/parishad.behnamghader/.cache/torch/transformers/4dad0251492946e18ac39290fcfe91b89d370fee250efe9521476438fe8ca185.7156163d5fdc189c3016baca0775ffce230789d7fa2a42ef516483e4ca884517
[2022-11-02 15:40:06,420][transformers.configuration_utils][INFO] - Model config BertConfig {
  "architectures": [
    "BertForMaskedLM"
  ],
  "attention_probs_dropout_prob": 0.1,
  "gradient_checkpointing": false,
  "hidden_act": "gelu",
  "hidden_dropout_prob": 0.1,
  "hidden_size": 768,
  "initializer_range": 0.02,
  "intermediate_size": 3072,
  "layer_norm_eps": 1e-12,
  "max_position_embeddings": 512,
  "model_type": "bert",
  "num_attention_heads": 12,
  "num_hidden_layers": 12,
  "pad_token_id": 0,
  "type_vocab_size": 2,
  "vocab_size": 30522
}

[2022-11-02 15:40:06,493][transformers.modeling_utils][INFO] - loading weights file https://cdn.huggingface.co/bert-base-uncased-pytorch_model.bin from cache at /home/mila/p/parishad.behnamghader/.cache/torch/transformers/f2ee78bdd635b758cc0a12352586868bef80e47401abe4c4fcc3832421e7338b.36ca03ab34a1a5d5fa7bc3d03d55c4fa650fed07220e2eeebc06ce58d0e9a157
[2022-11-02 15:40:09,882][transformers.modeling_utils][INFO] - All model checkpoint weights were used when initializing HFBertEncoder.

[2022-11-02 15:40:09,883][transformers.modeling_utils][INFO] - All the weights of HFBertEncoder were initialized from the model checkpoint at bert-base-uncased.
If your task is similar to the task the model of the ckeckpoint was trained on, you can already use HFBertEncoder for predictions without further training.
[2022-11-02 15:40:09,884][dpr.models.hf_models][INFO] - Initializing HF BERT Encoder. cfg_name=bert-base-uncased
[2022-11-02 15:40:10,072][transformers.configuration_utils][INFO] - loading configuration file https://s3.amazonaws.com/models.huggingface.co/bert/bert-base-uncased-config.json from cache at /home/mila/p/parishad.behnamghader/.cache/torch/transformers/4dad0251492946e18ac39290fcfe91b89d370fee250efe9521476438fe8ca185.7156163d5fdc189c3016baca0775ffce230789d7fa2a42ef516483e4ca884517
[2022-11-02 15:40:10,073][transformers.configuration_utils][INFO] - Model config BertConfig {
  "architectures": [
    "BertForMaskedLM"
  ],
  "attention_probs_dropout_prob": 0.1,
  "gradient_checkpointing": false,
  "hidden_act": "gelu",
  "hidden_dropout_prob": 0.1,
  "hidden_size": 768,
  "initializer_range": 0.02,
  "intermediate_size": 3072,
  "layer_norm_eps": 1e-12,
  "max_position_embeddings": 512,
  "model_type": "bert",
  "num_attention_heads": 12,
  "num_hidden_layers": 12,
  "pad_token_id": 0,
  "type_vocab_size": 2,
  "vocab_size": 30522
}

[2022-11-02 15:40:10,116][transformers.modeling_utils][INFO] - loading weights file https://cdn.huggingface.co/bert-base-uncased-pytorch_model.bin from cache at /home/mila/p/parishad.behnamghader/.cache/torch/transformers/f2ee78bdd635b758cc0a12352586868bef80e47401abe4c4fcc3832421e7338b.36ca03ab34a1a5d5fa7bc3d03d55c4fa650fed07220e2eeebc06ce58d0e9a157
[2022-11-02 15:40:13,410][transformers.modeling_utils][INFO] - All model checkpoint weights were used when initializing HFBertEncoder.

[2022-11-02 15:40:13,410][transformers.modeling_utils][INFO] - All the weights of HFBertEncoder were initialized from the model checkpoint at bert-base-uncased.
If your task is similar to the task the model of the ckeckpoint was trained on, you can already use HFBertEncoder for predictions without further training.
[2022-11-02 15:40:13,549][transformers.tokenization_utils_base][INFO] - loading file https://s3.amazonaws.com/models.huggingface.co/bert/bert-base-uncased-vocab.txt from cache at /home/mila/p/parishad.behnamghader/.cache/torch/transformers/26bc1ad6c0ac742e9b52263248f6d0f00068293b33709fae12320c0e35ccfbbb.542ce4285a40d23a559526243235df47c5f75c197f04f37d1a0c124c32c9a084
[2022-11-02 15:40:18,575][root][INFO] - Loading saved model state ...
[2022-11-02 15:40:18,769][root][INFO] - reading data source: dpr_wiki
[2022-11-02 15:40:18,782][dpr.data.download_data][INFO] - Requested resource from https://dl.fbaipublicfiles.com/dpr/wikipedia_split/psgs_w100.tsv.gz
[2022-11-02 15:40:18,782][dpr.data.download_data][INFO] - Download root_dir /network/scratch/p/parishad.behnamghader/FiD/DPR
[2022-11-02 15:40:18,785][dpr.data.download_data][INFO] - File to be downloaded as /network/scratch/p/parishad.behnamghader/FiD/DPR/downloads/data/wikipedia_split/psgs_w100.tsv
[2022-11-02 15:42:32,166][dpr.data.download_data][INFO] - Downloaded to /network/scratch/p/parishad.behnamghader/FiD/DPR/downloads/data/wikipedia_split/psgs_w100.tmp
[2022-11-02 15:42:32,166][dpr.data.download_data][INFO] - Uncompressing /network/scratch/p/parishad.behnamghader/FiD/DPR/downloads/data/wikipedia_split/psgs_w100.tmp
[2022-11-02 15:44:57,666][dpr.data.download_data][INFO] -  Saved to /network/scratch/p/parishad.behnamghader/FiD/DPR/downloads/data/wikipedia_split/psgs_w100.tsv
[2022-11-02 15:44:58,089][dpr.data.retriever_data][INFO] - Reading file /network/scratch/p/parishad.behnamghader/FiD/DPR/downloads/data/wikipedia_split/psgs_w100.tsv
[2022-11-02 15:49:32,351][root][INFO] - Producing encodings for passages range: 0 to 21015324 (out of total 21015324)
[2022-11-02 15:49:35,813][root][INFO] - Encoded passages 160
[2022-11-02 15:49:37,591][root][INFO] - Encoded passages 320
[2022-11-02 15:49:39,371][root][INFO] - Encoded passages 480
[2022-11-02 15:49:41,147][root][INFO] - Encoded passages 640
[2022-11-02 15:49:42,934][root][INFO] - Encoded passages 800
[2022-11-02 15:49:44,725][root][INFO] - Encoded passages 960
[2022-11-02 15:49:46,513][root][INFO] - Encoded passages 1120
[2022-11-02 15:49:48,684][root][INFO] - Encoded passages 1280
[2022-11-02 15:49:50,461][root][INFO] - Encoded passages 1440
[2022-11-02 15:49:52,252][root][INFO] - Encoded passages 1600
[2022-11-02 15:49:54,044][root][INFO] - Encoded passages 1760
[2022-11-02 15:49:55,833][root][INFO] - Encoded passages 1920
[2022-11-02 15:49:57,622][root][INFO] - Encoded passages 2080
[2022-11-02 15:49:59,413][root][INFO] - Encoded passages 2240
[2022-11-02 15:50:01,203][root][INFO] - Encoded passages 2400
[2022-11-02 15:50:03,005][root][INFO] - Encoded passages 2560
[2022-11-02 15:50:04,806][root][INFO] - Encoded passages 2720
[2022-11-02 15:50:06,607][root][INFO] - Encoded passages 2880
[2022-11-02 15:50:08,414][root][INFO] - Encoded passages 3040
[2022-11-02 15:50:10,219][root][INFO] - Encoded passages 3200
[2022-11-02 15:50:12,019][root][INFO] - Encoded passages 3360
[2022-11-02 15:50:13,824][root][INFO] - Encoded passages 3520
[2022-11-02 15:50:15,629][root][INFO] - Encoded passages 3680
[2022-11-02 15:50:17,438][root][INFO] - Encoded passages 3840
[2022-11-02 15:50:19,245][root][INFO] - Encoded passages 4000
[2022-11-02 15:50:21,046][root][INFO] - Encoded passages 4160
[2022-11-02 15:50:22,858][root][INFO] - Encoded passages 4320
[2022-11-02 15:50:24,665][root][INFO] - Encoded passages 4480
[2022-11-02 15:50:26,481][root][INFO] - Encoded passages 4640
[2022-11-02 15:50:28,296][root][INFO] - Encoded passages 4800
[2022-11-02 15:50:30,107][root][INFO] - Encoded passages 4960
[2022-11-02 15:50:31,926][root][INFO] - Encoded passages 5120
[2022-11-02 15:50:33,742][root][INFO] - Encoded passages 5280
[2022-11-02 15:50:35,552][root][INFO] - Encoded passages 5440
[2022-11-02 15:50:37,363][root][INFO] - Encoded passages 5600
[2022-11-02 15:50:39,179][root][INFO] - Encoded passages 5760
[2022-11-02 15:50:40,994][root][INFO] - Encoded passages 5920
[2022-11-02 15:50:42,817][root][INFO] - Encoded passages 6080
[2022-11-02 15:50:44,627][root][INFO] - Encoded passages 6240
[2022-11-02 15:50:46,443][root][INFO] - Encoded passages 6400
[2022-11-02 15:50:48,263][root][INFO] - Encoded passages 6560
[2022-11-02 15:50:50,090][root][INFO] - Encoded passages 6720
[2022-11-02 15:50:51,901][root][INFO] - Encoded passages 6880
[2022-11-02 15:50:53,728][root][INFO] - Encoded passages 7040
[2022-11-02 15:50:55,547][root][INFO] - Encoded passages 7200
[2022-11-02 15:50:57,367][root][INFO] - Encoded passages 7360
[2022-11-02 15:50:59,185][root][INFO] - Encoded passages 7520
[2022-11-02 15:51:00,999][root][INFO] - Encoded passages 7680
[2022-11-02 15:51:02,820][root][INFO] - Encoded passages 7840
[2022-11-02 15:51:04,642][root][INFO] - Encoded passages 8000
[2022-11-02 15:51:06,472][root][INFO] - Encoded passages 8160
[2022-11-02 15:51:08,306][root][INFO] - Encoded passages 8320
[2022-11-02 15:51:10,129][root][INFO] - Encoded passages 8480
[2022-11-02 15:51:11,961][root][INFO] - Encoded passages 8640
[2022-11-02 15:51:13,794][root][INFO] - Encoded passages 8800
[2022-11-02 15:51:15,625][root][INFO] - Encoded passages 8960
[2022-11-02 15:51:17,444][root][INFO] - Encoded passages 9120
[2022-11-02 15:51:19,263][root][INFO] - Encoded passages 9280
[2022-11-02 15:51:21,097][root][INFO] - Encoded passages 9440
[2022-11-02 15:51:22,923][root][INFO] - Encoded passages 9600
[2022-11-02 15:51:24,751][root][INFO] - Encoded passages 9760
[2022-11-02 15:51:26,582][root][INFO] - Encoded passages 9920
[2022-11-02 15:51:28,405][root][INFO] - Encoded passages 10080
[2022-11-02 15:51:30,236][root][INFO] - Encoded passages 10240
[2022-11-02 15:51:32,076][root][INFO] - Encoded passages 10400
[2022-11-02 15:51:33,906][root][INFO] - Encoded passages 10560
[2022-11-02 15:51:35,744][root][INFO] - Encoded passages 10720
[2022-11-02 15:51:37,577][root][INFO] - Encoded passages 10880
[2022-11-02 15:51:39,414][root][INFO] - Encoded passages 11040
[2022-11-02 15:51:41,254][root][INFO] - Encoded passages 11200
[2022-11-02 15:51:43,081][root][INFO] - Encoded passages 11360
[2022-11-02 15:51:44,910][root][INFO] - Encoded passages 11520
[2022-11-02 15:51:46,740][root][INFO] - Encoded passages 11680
[2022-11-02 15:51:48,579][root][INFO] - Encoded passages 11840
[2022-11-02 15:51:50,416][root][INFO] - Encoded passages 12000
[2022-11-02 15:51:52,256][root][INFO] - Encoded passages 12160
[2022-11-02 15:51:54,096][root][INFO] - Encoded passages 12320
[2022-11-02 15:51:55,933][root][INFO] - Encoded passages 12480
[2022-11-02 15:51:57,768][root][INFO] - Encoded passages 12640
[2022-11-02 15:51:59,603][root][INFO] - Encoded passages 12800
[2022-11-02 15:52:01,438][root][INFO] - Encoded passages 12960
[2022-11-02 15:52:03,276][root][INFO] - Encoded passages 13120
[2022-11-02 15:52:05,110][root][INFO] - Encoded passages 13280
[2022-11-02 15:52:06,949][root][INFO] - Encoded passages 13440
[2022-11-02 15:52:08,784][root][INFO] - Encoded passages 13600
[2022-11-02 15:52:10,621][root][INFO] - Encoded passages 13760
[2022-11-02 15:52:12,462][root][INFO] - Encoded passages 13920
[2022-11-02 15:52:14,300][root][INFO] - Encoded passages 14080
[2022-11-02 15:52:16,135][root][INFO] - Encoded passages 14240
[2022-11-02 15:52:17,972][root][INFO] - Encoded passages 14400
[2022-11-02 15:52:19,811][root][INFO] - Encoded passages 14560
[2022-11-02 15:52:21,649][root][INFO] - Encoded passages 14720
[2022-11-02 15:52:23,493][root][INFO] - Encoded passages 14880
[2022-11-02 15:52:25,348][root][INFO] - Encoded passages 15040
[2022-11-02 15:52:27,187][root][INFO] - Encoded passages 15200
[2022-11-02 15:52:29,025][root][INFO] - Encoded passages 15360
[2022-11-02 15:52:30,865][root][INFO] - Encoded passages 15520
[2022-11-02 15:52:32,702][root][INFO] - Encoded passages 15680
[2022-11-02 15:52:34,549][root][INFO] - Encoded passages 15840
[2022-11-02 15:52:36,402][root][INFO] - Encoded passages 16000
[2022-11-02 15:52:38,235][root][INFO] - Encoded passages 16160
[2022-11-02 15:52:40,074][root][INFO] - Encoded passages 16320
[2022-11-02 15:52:41,911][root][INFO] - Encoded passages 16480
[2022-11-02 15:52:43,756][root][INFO] - Encoded passages 16640
[2022-11-02 15:52:45,594][root][INFO] - Encoded passages 16800
[2022-11-02 15:52:54,743][root][INFO] - Encoded passages 16960
[2022-11-02 15:52:56,570][root][INFO] - Encoded passages 17120
[2022-11-02 15:52:58,404][root][INFO] - Encoded passages 17280
[2022-11-02 15:53:00,246][root][INFO] - Encoded passages 17440
[2022-11-02 15:53:02,082][root][INFO] - Encoded passages 17600
[2022-11-02 15:53:03,928][root][INFO] - Encoded passages 17760
[2022-11-02 15:53:05,766][root][INFO] - Encoded passages 17920
[2022-11-02 15:53:07,598][root][INFO] - Encoded passages 18080
[2022-11-02 15:53:09,432][root][INFO] - Encoded passages 18240
[2022-11-02 15:53:11,272][root][INFO] - Encoded passages 18400
[2022-11-02 15:53:13,114][root][INFO] - Encoded passages 18560
[2022-11-02 15:53:14,949][root][INFO] - Encoded passages 18720
[2022-11-02 15:53:16,787][root][INFO] - Encoded passages 18880
[2022-11-02 15:53:18,622][root][INFO] - Encoded passages 19040
[2022-11-02 15:53:20,472][root][INFO] - Encoded passages 19200
[2022-11-02 15:53:22,310][root][INFO] - Encoded passages 19360
[2022-11-02 15:53:24,139][root][INFO] - Encoded passages 19520
[2022-11-02 15:53:25,978][root][INFO] - Encoded passages 19680
[2022-11-02 15:53:27,825][root][INFO] - Encoded passages 19840
[2022-11-02 15:53:29,668][root][INFO] - Encoded passages 20000
[2022-11-02 15:53:31,499][root][INFO] - Encoded passages 20160
[2022-11-02 15:53:33,329][root][INFO] - Encoded passages 20320
[2022-11-02 15:53:35,173][root][INFO] - Encoded passages 20480
[2022-11-02 15:53:37,009][root][INFO] - Encoded passages 20640
[2022-11-02 15:53:38,851][root][INFO] - Encoded passages 20800
[2022-11-02 15:53:40,692][root][INFO] - Encoded passages 20960
[2022-11-02 15:53:42,534][root][INFO] - Encoded passages 21120
[2022-11-02 15:53:44,375][root][INFO] - Encoded passages 21280
[2022-11-02 15:53:46,215][root][INFO] - Encoded passages 21440
[2022-11-02 15:53:48,062][root][INFO] - Encoded passages 21600
[2022-11-02 15:53:49,904][root][INFO] - Encoded passages 21760
[2022-11-02 15:53:51,747][root][INFO] - Encoded passages 21920
[2022-11-02 15:53:53,590][root][INFO] - Encoded passages 22080
[2022-11-02 15:53:55,435][root][INFO] - Encoded passages 22240
[2022-11-02 15:53:57,272][root][INFO] - Encoded passages 22400
[2022-11-02 15:53:59,113][root][INFO] - Encoded passages 22560
[2022-11-02 15:54:00,958][root][INFO] - Encoded passages 22720
[2022-11-02 15:54:02,798][root][INFO] - Encoded passages 22880
[2022-11-02 15:54:04,642][root][INFO] - Encoded passages 23040
[2022-11-02 15:54:06,479][root][INFO] - Encoded passages 23200
[2022-11-02 15:54:08,321][root][INFO] - Encoded passages 23360
[2022-11-02 15:54:10,165][root][INFO] - Encoded passages 23520
[2022-11-02 15:54:12,002][root][INFO] - Encoded passages 23680
[2022-11-02 15:54:13,848][root][INFO] - Encoded passages 23840
[2022-11-02 15:54:15,697][root][INFO] - Encoded passages 24000
[2022-11-02 15:54:17,540][root][INFO] - Encoded passages 24160
[2022-11-02 15:54:19,385][root][INFO] - Encoded passages 24320
[2022-11-02 15:54:21,236][root][INFO] - Encoded passages 24480
[2022-11-02 15:54:23,084][root][INFO] - Encoded passages 24640
[2022-11-02 15:54:24,935][root][INFO] - Encoded passages 24800
[2022-11-02 15:54:26,779][root][INFO] - Encoded passages 24960
[2022-11-02 15:54:28,620][root][INFO] - Encoded passages 25120
[2022-11-02 15:54:30,463][root][INFO] - Encoded passages 25280
[2022-11-02 15:54:32,307][root][INFO] - Encoded passages 25440
[2022-11-02 15:54:34,142][root][INFO] - Encoded passages 25600
[2022-11-02 15:54:35,986][root][INFO] - Encoded passages 25760
[2022-11-02 15:54:37,835][root][INFO] - Encoded passages 25920
[2022-11-02 15:54:39,679][root][INFO] - Encoded passages 26080
[2022-11-02 15:54:41,520][root][INFO] - Encoded passages 26240
[2022-11-02 15:54:43,366][root][INFO] - Encoded passages 26400
[2022-11-02 15:54:45,214][root][INFO] - Encoded passages 26560
[2022-11-02 15:54:47,062][root][INFO] - Encoded passages 26720
[2022-11-02 15:54:48,908][root][INFO] - Encoded passages 26880
[2022-11-02 15:54:50,759][root][INFO] - Encoded passages 27040
[2022-11-02 15:54:52,611][root][INFO] - Encoded passages 27200
[2022-11-02 15:54:54,458][root][INFO] - Encoded passages 27360
[2022-11-02 15:54:56,307][root][INFO] - Encoded passages 27520
[2022-11-02 15:54:58,167][root][INFO] - Encoded passages 27680
[2022-11-02 15:55:00,016][root][INFO] - Encoded passages 27840
[2022-11-02 15:55:01,868][root][INFO] - Encoded passages 28000
[2022-11-02 15:55:03,718][root][INFO] - Encoded passages 28160
[2022-11-02 15:55:05,561][root][INFO] - Encoded passages 28320
[2022-11-02 15:55:07,417][root][INFO] - Encoded passages 28480
[2022-11-02 15:55:09,257][root][INFO] - Encoded passages 28640
[2022-11-02 15:55:11,106][root][INFO] - Encoded passages 28800
[2022-11-02 15:55:12,957][root][INFO] - Encoded passages 28960
[2022-11-02 15:55:14,802][root][INFO] - Encoded passages 29120
[2022-11-02 15:55:16,650][root][INFO] - Encoded passages 29280
[2022-11-02 15:55:18,500][root][INFO] - Encoded passages 29440
[2022-11-02 15:55:20,359][root][INFO] - Encoded passages 29600
[2022-11-02 15:55:22,212][root][INFO] - Encoded passages 29760
[2022-11-02 15:55:24,066][root][INFO] - Encoded passages 29920
[2022-11-02 15:55:25,929][root][INFO] - Encoded passages 30080
[2022-11-02 15:55:27,767][root][INFO] - Encoded passages 30240
[2022-11-02 15:55:29,623][root][INFO] - Encoded passages 30400
[2022-11-02 15:55:31,479][root][INFO] - Encoded passages 30560
[2022-11-02 15:55:33,330][root][INFO] - Encoded passages 30720
[2022-11-02 15:55:35,177][root][INFO] - Encoded passages 30880
[2022-11-02 15:55:37,019][root][INFO] - Encoded passages 31040
[2022-11-02 15:55:38,872][root][INFO] - Encoded passages 31200
[2022-11-02 15:55:40,727][root][INFO] - Encoded passages 31360
[2022-11-02 15:55:42,569][root][INFO] - Encoded passages 31520
[2022-11-02 15:55:44,417][root][INFO] - Encoded passages 31680
[2022-11-02 15:55:46,271][root][INFO] - Encoded passages 31840
[2022-11-02 15:55:48,117][root][INFO] - Encoded passages 32000
[2022-11-02 15:55:49,967][root][INFO] - Encoded passages 32160
[2022-11-02 15:55:51,816][root][INFO] - Encoded passages 32320
[2022-11-02 15:55:53,661][root][INFO] - Encoded passages 32480
[2022-11-02 15:55:55,508][root][INFO] - Encoded passages 32640
[2022-11-02 15:55:57,363][root][INFO] - Encoded passages 32800
[2022-11-02 15:55:59,208][root][INFO] - Encoded passages 32960
[2022-11-02 15:56:01,051][root][INFO] - Encoded passages 33120
[2022-11-02 15:56:02,895][root][INFO] - Encoded passages 33280
[2022-11-02 15:56:04,743][root][INFO] - Encoded passages 33440
[2022-11-02 15:56:06,594][root][INFO] - Encoded passages 33600
[2022-11-02 15:56:08,437][root][INFO] - Encoded passages 33760
[2022-11-02 15:56:10,278][root][INFO] - Encoded passages 33920
[2022-11-02 15:56:12,122][root][INFO] - Encoded passages 34080
[2022-11-02 15:56:13,974][root][INFO] - Encoded passages 34240
[2022-11-02 15:56:15,820][root][INFO] - Encoded passages 34400
[2022-11-02 15:56:17,665][root][INFO] - Encoded passages 34560
[2022-11-02 15:56:19,518][root][INFO] - Encoded passages 34720
[2022-11-02 15:56:21,370][root][INFO] - Encoded passages 34880
[2022-11-02 15:56:23,222][root][INFO] - Encoded passages 35040
[2022-11-02 15:56:25,070][root][INFO] - Encoded passages 35200
[2022-11-02 15:56:26,916][root][INFO] - Encoded passages 35360
[2022-11-02 15:56:28,758][root][INFO] - Encoded passages 35520
[2022-11-02 15:56:30,605][root][INFO] - Encoded passages 35680
[2022-11-02 15:56:32,454][root][INFO] - Encoded passages 35840
[2022-11-02 15:56:34,301][root][INFO] - Encoded passages 36000
[2022-11-02 15:56:36,148][root][INFO] - Encoded passages 36160
[2022-11-02 15:56:37,999][root][INFO] - Encoded passages 36320
[2022-11-02 15:56:39,851][root][INFO] - Encoded passages 36480
[2022-11-02 15:56:41,697][root][INFO] - Encoded passages 36640
[2022-11-02 15:56:43,551][root][INFO] - Encoded passages 36800
[2022-11-02 15:56:45,405][root][INFO] - Encoded passages 36960
[2022-11-02 15:56:47,249][root][INFO] - Encoded passages 37120
[2022-11-02 15:56:49,106][root][INFO] - Encoded passages 37280
[2022-11-02 15:56:50,960][root][INFO] - Encoded passages 37440
[2022-11-02 15:56:52,815][root][INFO] - Encoded passages 37600
[2022-11-02 15:56:54,666][root][INFO] - Encoded passages 37760
[2022-11-02 15:56:56,521][root][INFO] - Encoded passages 37920
[2022-11-02 15:56:58,366][root][INFO] - Encoded passages 38080
[2022-11-02 15:57:00,213][root][INFO] - Encoded passages 38240
[2022-11-02 15:57:02,059][root][INFO] - Encoded passages 38400
[2022-11-02 15:57:03,912][root][INFO] - Encoded passages 38560
[2022-11-02 15:57:05,757][root][INFO] - Encoded passages 38720
[2022-11-02 15:57:07,605][root][INFO] - Encoded passages 38880
[2022-11-02 15:57:09,455][root][INFO] - Encoded passages 39040
[2022-11-02 15:57:11,302][root][INFO] - Encoded passages 39200
[2022-11-02 15:57:13,144][root][INFO] - Encoded passages 39360
[2022-11-02 15:57:14,998][root][INFO] - Encoded passages 39520
[2022-11-02 15:57:16,846][root][INFO] - Encoded passages 39680
[2022-11-02 15:57:18,685][root][INFO] - Encoded passages 39840
[2022-11-02 15:57:20,521][root][INFO] - Encoded passages 40000
[2022-11-02 15:57:22,361][root][INFO] - Encoded passages 40160
[2022-11-02 15:57:24,199][root][INFO] - Encoded passages 40320
[2022-11-02 15:57:26,036][root][INFO] - Encoded passages 40480
[2022-11-02 15:57:27,872][root][INFO] - Encoded passages 40640
[2022-11-02 15:57:29,721][root][INFO] - Encoded passages 40800
[2022-11-02 15:57:31,563][root][INFO] - Encoded passages 40960
[2022-11-02 15:57:33,417][root][INFO] - Encoded passages 41120
[2022-11-02 15:57:35,253][root][INFO] - Encoded passages 41280
[2022-11-02 15:57:37,100][root][INFO] - Encoded passages 41440
[2022-11-02 15:57:38,950][root][INFO] - Encoded passages 41600
[2022-11-02 15:57:40,790][root][INFO] - Encoded passages 41760
[2022-11-02 15:57:42,641][root][INFO] - Encoded passages 41920
[2022-11-02 15:57:44,488][root][INFO] - Encoded passages 42080
[2022-11-02 15:57:46,330][root][INFO] - Encoded passages 42240
[2022-11-02 15:57:48,177][root][INFO] - Encoded passages 42400
[2022-11-02 15:57:50,023][root][INFO] - Encoded passages 42560
[2022-11-02 15:57:51,859][root][INFO] - Encoded passages 42720
[2022-11-02 15:57:53,706][root][INFO] - Encoded passages 42880
[2022-11-02 15:57:55,549][root][INFO] - Encoded passages 43040
[2022-11-02 15:57:57,402][root][INFO] - Encoded passages 43200
[2022-11-02 15:57:59,245][root][INFO] - Encoded passages 43360
[2022-11-02 15:58:01,105][root][INFO] - Encoded passages 43520
[2022-11-02 15:58:02,948][root][INFO] - Encoded passages 43680
[2022-11-02 15:58:04,797][root][INFO] - Encoded passages 43840
[2022-11-02 15:58:06,645][root][INFO] - Encoded passages 44000
[2022-11-02 15:58:08,488][root][INFO] - Encoded passages 44160
[2022-11-02 15:58:10,328][root][INFO] - Encoded passages 44320
[2022-11-02 15:58:12,175][root][INFO] - Encoded passages 44480
[2022-11-02 15:58:14,018][root][INFO] - Encoded passages 44640
[2022-11-02 15:58:15,866][root][INFO] - Encoded passages 44800
[2022-11-02 15:58:17,716][root][INFO] - Encoded passages 44960
[2022-11-02 15:58:19,555][root][INFO] - Encoded passages 45120
[2022-11-02 15:58:21,397][root][INFO] - Encoded passages 45280
[2022-11-02 15:58:23,251][root][INFO] - Encoded passages 45440
[2022-11-02 15:58:25,097][root][INFO] - Encoded passages 45600
[2022-11-02 15:58:26,955][root][INFO] - Encoded passages 45760
[2022-11-02 15:58:28,804][root][INFO] - Encoded passages 45920
[2022-11-02 15:58:30,646][root][INFO] - Encoded passages 46080
[2022-11-02 15:58:32,496][root][INFO] - Encoded passages 46240
[2022-11-02 15:58:34,338][root][INFO] - Encoded passages 46400
[2022-11-02 15:58:36,176][root][INFO] - Encoded passages 46560
[2022-11-02 15:58:38,018][root][INFO] - Encoded passages 46720
[2022-11-02 15:58:39,864][root][INFO] - Encoded passages 46880
[2022-11-02 15:58:41,708][root][INFO] - Encoded passages 47040
[2022-11-02 15:58:43,549][root][INFO] - Encoded passages 47200
[2022-11-02 15:58:45,395][root][INFO] - Encoded passages 47360
[2022-11-02 15:58:47,244][root][INFO] - Encoded passages 47520
[2022-11-02 15:58:49,083][root][INFO] - Encoded passages 47680
[2022-11-02 15:58:50,926][root][INFO] - Encoded passages 47840
[2022-11-02 15:58:52,778][root][INFO] - Encoded passages 48000
[2022-11-02 15:58:54,624][root][INFO] - Encoded passages 48160
[2022-11-02 15:58:56,471][root][INFO] - Encoded passages 48320
[2022-11-02 15:58:58,314][root][INFO] - Encoded passages 48480
[2022-11-02 15:59:00,169][root][INFO] - Encoded passages 48640
[2022-11-02 15:59:02,018][root][INFO] - Encoded passages 48800
[2022-11-02 15:59:03,867][root][INFO] - Encoded passages 48960
[2022-11-02 15:59:05,725][root][INFO] - Encoded passages 49120
[2022-11-02 15:59:07,569][root][INFO] - Encoded passages 49280
[2022-11-02 15:59:09,408][root][INFO] - Encoded passages 49440
[2022-11-02 15:59:11,245][root][INFO] - Encoded passages 49600
[2022-11-02 15:59:13,092][root][INFO] - Encoded passages 49760
[2022-11-02 15:59:14,941][root][INFO] - Encoded passages 49920
[2022-11-02 15:59:16,783][root][INFO] - Encoded passages 50080
[2022-11-02 15:59:18,629][root][INFO] - Encoded passages 50240
[2022-11-02 15:59:20,473][root][INFO] - Encoded passages 50400
[2022-11-02 15:59:22,316][root][INFO] - Encoded passages 50560
[2022-11-02 15:59:24,156][root][INFO] - Encoded passages 50720
[2022-11-02 15:59:26,004][root][INFO] - Encoded passages 50880
[2022-11-02 15:59:27,859][root][INFO] - Encoded passages 51040
[2022-11-02 15:59:29,705][root][INFO] - Encoded passages 51200
[2022-11-02 15:59:31,547][root][INFO] - Encoded passages 51360
[2022-11-02 15:59:33,393][root][INFO] - Encoded passages 51520
[2022-11-02 15:59:35,239][root][INFO] - Encoded passages 51680
[2022-11-02 15:59:37,094][root][INFO] - Encoded passages 51840
[2022-11-02 15:59:38,937][root][INFO] - Encoded passages 52000
[2022-11-02 15:59:40,781][root][INFO] - Encoded passages 52160
[2022-11-02 15:59:42,622][root][INFO] - Encoded passages 52320
[2022-11-02 15:59:44,474][root][INFO] - Encoded passages 52480
[2022-11-02 15:59:46,315][root][INFO] - Encoded passages 52640
[2022-11-02 15:59:48,154][root][INFO] - Encoded passages 52800
[2022-11-02 15:59:50,003][root][INFO] - Encoded passages 52960
[2022-11-02 15:59:51,864][root][INFO] - Encoded passages 53120
[2022-11-02 15:59:53,711][root][INFO] - Encoded passages 53280
[2022-11-02 15:59:55,549][root][INFO] - Encoded passages 53440
[2022-11-02 15:59:57,394][root][INFO] - Encoded passages 53600
[2022-11-02 15:59:59,241][root][INFO] - Encoded passages 53760
[2022-11-02 16:00:01,092][root][INFO] - Encoded passages 53920
[2022-11-02 16:00:02,936][root][INFO] - Encoded passages 54080
[2022-11-02 16:00:04,790][root][INFO] - Encoded passages 54240
[2022-11-02 16:00:06,639][root][INFO] - Encoded passages 54400
[2022-11-02 16:00:08,479][root][INFO] - Encoded passages 54560
[2022-11-02 16:00:10,320][root][INFO] - Encoded passages 54720
[2022-11-02 16:00:12,164][root][INFO] - Encoded passages 54880
[2022-11-02 16:00:14,008][root][INFO] - Encoded passages 55040
[2022-11-02 16:00:15,848][root][INFO] - Encoded passages 55200
[2022-11-02 16:00:17,691][root][INFO] - Encoded passages 55360
[2022-11-02 16:00:19,536][root][INFO] - Encoded passages 55520
[2022-11-02 16:00:21,380][root][INFO] - Encoded passages 55680
[2022-11-02 16:00:23,231][root][INFO] - Encoded passages 55840
[2022-11-02 16:00:25,076][root][INFO] - Encoded passages 56000
[2022-11-02 16:00:26,924][root][INFO] - Encoded passages 56160
[2022-11-02 16:00:28,768][root][INFO] - Encoded passages 56320
[2022-11-02 16:00:30,612][root][INFO] - Encoded passages 56480
[2022-11-02 16:00:32,468][root][INFO] - Encoded passages 56640
[2022-11-02 16:00:34,321][root][INFO] - Encoded passages 56800
[2022-11-02 16:00:36,184][root][INFO] - Encoded passages 56960
[2022-11-02 16:00:38,028][root][INFO] - Encoded passages 57120
[2022-11-02 16:00:39,871][root][INFO] - Encoded passages 57280
[2022-11-02 16:00:41,720][root][INFO] - Encoded passages 57440
[2022-11-02 16:00:43,565][root][INFO] - Encoded passages 57600
[2022-11-02 16:00:45,407][root][INFO] - Encoded passages 57760
[2022-11-02 16:00:47,251][root][INFO] - Encoded passages 57920
[2022-11-02 16:00:49,093][root][INFO] - Encoded passages 58080
[2022-11-02 16:00:50,938][root][INFO] - Encoded passages 58240
[2022-11-02 16:00:52,789][root][INFO] - Encoded passages 58400
[2022-11-02 16:00:54,637][root][INFO] - Encoded passages 58560
[2022-11-02 16:00:56,479][root][INFO] - Encoded passages 58720
[2022-11-02 16:00:58,332][root][INFO] - Encoded passages 58880
[2022-11-02 16:01:00,175][root][INFO] - Encoded passages 59040
[2022-11-02 16:01:02,017][root][INFO] - Encoded passages 59200
[2022-11-02 16:01:03,854][root][INFO] - Encoded passages 59360
[2022-11-02 16:01:05,694][root][INFO] - Encoded passages 59520
[2022-11-02 16:01:07,535][root][INFO] - Encoded passages 59680
[2022-11-02 16:01:09,374][root][INFO] - Encoded passages 59840
[2022-11-02 16:01:11,224][root][INFO] - Encoded passages 60000
[2022-11-02 16:01:13,066][root][INFO] - Encoded passages 60160
[2022-11-02 16:01:14,912][root][INFO] - Encoded passages 60320
[2022-11-02 16:01:16,758][root][INFO] - Encoded passages 60480
[2022-11-02 16:01:18,597][root][INFO] - Encoded passages 60640
[2022-11-02 16:01:20,439][root][INFO] - Encoded passages 60800
[2022-11-02 16:01:22,282][root][INFO] - Encoded passages 60960
[2022-11-02 16:01:24,119][root][INFO] - Encoded passages 61120
[2022-11-02 16:01:25,966][root][INFO] - Encoded passages 61280
[2022-11-02 16:01:27,812][root][INFO] - Encoded passages 61440
[2022-11-02 16:01:29,663][root][INFO] - Encoded passages 61600
[2022-11-02 16:01:31,515][root][INFO] - Encoded passages 61760
[2022-11-02 16:01:33,369][root][INFO] - Encoded passages 61920
[2022-11-02 16:01:35,223][root][INFO] - Encoded passages 62080
[2022-11-02 16:01:37,071][root][INFO] - Encoded passages 62240
[2022-11-02 16:01:38,914][root][INFO] - Encoded passages 62400
[2022-11-02 16:01:40,756][root][INFO] - Encoded passages 62560
[2022-11-02 16:01:42,608][root][INFO] - Encoded passages 62720
[2022-11-02 16:01:44,455][root][INFO] - Encoded passages 62880
[2022-11-02 16:01:46,298][root][INFO] - Encoded passages 63040
[2022-11-02 16:01:48,147][root][INFO] - Encoded passages 63200
[2022-11-02 16:01:49,994][root][INFO] - Encoded passages 63360
[2022-11-02 16:01:51,837][root][INFO] - Encoded passages 63520
[2022-11-02 16:01:53,689][root][INFO] - Encoded passages 63680
[2022-11-02 16:01:55,546][root][INFO] - Encoded passages 63840
[2022-11-02 16:01:57,401][root][INFO] - Encoded passages 64000
[2022-11-02 16:01:59,241][root][INFO] - Encoded passages 64160
[2022-11-02 16:02:01,085][root][INFO] - Encoded passages 64320
[2022-11-02 16:02:02,931][root][INFO] - Encoded passages 64480
[2022-11-02 16:02:04,783][root][INFO] - Encoded passages 64640
[2022-11-02 16:02:06,641][root][INFO] - Encoded passages 64800
[2022-11-02 16:02:08,493][root][INFO] - Encoded passages 64960
[2022-11-02 16:02:10,344][root][INFO] - Encoded passages 65120
[2022-11-02 16:02:12,193][root][INFO] - Encoded passages 65280
[2022-11-02 16:02:14,041][root][INFO] - Encoded passages 65440
[2022-11-02 16:02:15,896][root][INFO] - Encoded passages 65600
[2022-11-02 16:02:17,749][root][INFO] - Encoded passages 65760
[2022-11-02 16:02:19,603][root][INFO] - Encoded passages 65920
[2022-11-02 16:02:21,456][root][INFO] - Encoded passages 66080
[2022-11-02 16:02:23,306][root][INFO] - Encoded passages 66240
[2022-11-02 16:02:25,166][root][INFO] - Encoded passages 66400
[2022-11-02 16:02:27,018][root][INFO] - Encoded passages 66560
[2022-11-02 16:02:28,867][root][INFO] - Encoded passages 66720
[2022-11-02 16:02:30,716][root][INFO] - Encoded passages 66880
[2022-11-02 16:02:32,568][root][INFO] - Encoded passages 67040
[2022-11-02 16:02:34,415][root][INFO] - Encoded passages 67200
[2022-11-02 16:02:36,271][root][INFO] - Encoded passages 67360
[2022-11-02 16:02:38,117][root][INFO] - Encoded passages 67520
[2022-11-02 16:02:39,966][root][INFO] - Encoded passages 67680
[2022-11-02 16:02:41,819][root][INFO] - Encoded passages 67840
[2022-11-02 16:02:43,676][root][INFO] - Encoded passages 68000
[2022-11-02 16:02:45,521][root][INFO] - Encoded passages 68160
[2022-11-02 16:02:47,367][root][INFO] - Encoded passages 68320
[2022-11-02 16:02:49,217][root][INFO] - Encoded passages 68480
[2022-11-02 16:02:51,063][root][INFO] - Encoded passages 68640
[2022-11-02 16:02:52,902][root][INFO] - Encoded passages 68800
[2022-11-02 16:02:54,752][root][INFO] - Encoded passages 68960
[2022-11-02 16:02:56,601][root][INFO] - Encoded passages 69120
[2022-11-02 16:02:58,450][root][INFO] - Encoded passages 69280
[2022-11-02 16:03:00,304][root][INFO] - Encoded passages 69440
[2022-11-02 16:03:02,159][root][INFO] - Encoded passages 69600
[2022-11-02 16:03:04,012][root][INFO] - Encoded passages 69760
[2022-11-02 16:03:05,861][root][INFO] - Encoded passages 69920
[2022-11-02 16:03:07,708][root][INFO] - Encoded passages 70080
[2022-11-02 16:03:09,558][root][INFO] - Encoded passages 70240
[2022-11-02 16:03:11,404][root][INFO] - Encoded passages 70400
[2022-11-02 16:03:13,252][root][INFO] - Encoded passages 70560
[2022-11-02 16:03:15,096][root][INFO] - Encoded passages 70720
[2022-11-02 16:03:16,947][root][INFO] - Encoded passages 70880
[2022-11-02 16:03:18,799][root][INFO] - Encoded passages 71040
[2022-11-02 16:03:20,640][root][INFO] - Encoded passages 71200
[2022-11-02 16:03:22,483][root][INFO] - Encoded passages 71360
[2022-11-02 16:03:24,331][root][INFO] - Encoded passages 71520
[2022-11-02 16:03:26,180][root][INFO] - Encoded passages 71680
[2022-11-02 16:03:28,033][root][INFO] - Encoded passages 71840
[2022-11-02 16:03:29,882][root][INFO] - Encoded passages 72000
[2022-11-02 16:03:31,728][root][INFO] - Encoded passages 72160
[2022-11-02 16:03:33,588][root][INFO] - Encoded passages 72320
[2022-11-02 16:03:35,441][root][INFO] - Encoded passages 72480
[2022-11-02 16:03:37,294][root][INFO] - Encoded passages 72640
[2022-11-02 16:03:39,132][root][INFO] - Encoded passages 72800
[2022-11-02 16:03:40,976][root][INFO] - Encoded passages 72960
[2022-11-02 16:03:42,829][root][INFO] - Encoded passages 73120
[2022-11-02 16:03:44,680][root][INFO] - Encoded passages 73280
[2022-11-02 16:03:46,526][root][INFO] - Encoded passages 73440
[2022-11-02 16:03:48,383][root][INFO] - Encoded passages 73600
[2022-11-02 16:03:50,235][root][INFO] - Encoded passages 73760
[2022-11-02 16:03:52,081][root][INFO] - Encoded passages 73920
[2022-11-02 16:03:53,932][root][INFO] - Encoded passages 74080
[2022-11-02 16:03:55,778][root][INFO] - Encoded passages 74240
[2022-11-02 16:03:57,623][root][INFO] - Encoded passages 74400
[2022-11-02 16:03:59,476][root][INFO] - Encoded passages 74560
[2022-11-02 16:04:01,323][root][INFO] - Encoded passages 74720
[2022-11-02 16:04:03,181][root][INFO] - Encoded passages 74880
[2022-11-02 16:04:05,036][root][INFO] - Encoded passages 75040
[2022-11-02 16:04:06,884][root][INFO] - Encoded passages 75200
[2022-11-02 16:04:08,730][root][INFO] - Encoded passages 75360
[2022-11-02 16:04:10,577][root][INFO] - Encoded passages 75520
[2022-11-02 16:04:12,405][root][INFO] - Encoded passages 75680
[2022-11-02 16:04:14,250][root][INFO] - Encoded passages 75840
[2022-11-02 16:04:16,104][root][INFO] - Encoded passages 76000
[2022-11-02 16:04:17,946][root][INFO] - Encoded passages 76160
[2022-11-02 16:04:19,799][root][INFO] - Encoded passages 76320
[2022-11-02 16:04:21,647][root][INFO] - Encoded passages 76480
[2022-11-02 16:04:23,494][root][INFO] - Encoded passages 76640
[2022-11-02 16:04:25,332][root][INFO] - Encoded passages 76800
[2022-11-02 16:04:27,180][root][INFO] - Encoded passages 76960
[2022-11-02 16:04:29,031][root][INFO] - Encoded passages 77120
[2022-11-02 16:04:30,876][root][INFO] - Encoded passages 77280
[2022-11-02 16:04:32,730][root][INFO] - Encoded passages 77440
[2022-11-02 16:04:34,581][root][INFO] - Encoded passages 77600
[2022-11-02 16:04:36,429][root][INFO] - Encoded passages 77760
[2022-11-02 16:04:38,283][root][INFO] - Encoded passages 77920
[2022-11-02 16:04:40,145][root][INFO] - Encoded passages 78080
[2022-11-02 16:04:41,990][root][INFO] - Encoded passages 78240
[2022-11-02 16:04:43,833][root][INFO] - Encoded passages 78400
[2022-11-02 16:04:45,689][root][INFO] - Encoded passages 78560
[2022-11-02 16:04:47,535][root][INFO] - Encoded passages 78720
[2022-11-02 16:04:49,389][root][INFO] - Encoded passages 78880
[2022-11-02 16:04:51,254][root][INFO] - Encoded passages 79040
[2022-11-02 16:04:53,127][root][INFO] - Encoded passages 79200
[2022-11-02 16:04:54,970][root][INFO] - Encoded passages 79360
[2022-11-02 16:04:56,821][root][INFO] - Encoded passages 79520
[2022-11-02 16:04:58,671][root][INFO] - Encoded passages 79680
[2022-11-02 16:05:00,517][root][INFO] - Encoded passages 79840
[2022-11-02 16:05:02,364][root][INFO] - Encoded passages 80000
[2022-11-02 16:05:04,198][root][INFO] - Encoded passages 80160
[2022-11-02 16:05:06,046][root][INFO] - Encoded passages 80320
[2022-11-02 16:05:07,902][root][INFO] - Encoded passages 80480
[2022-11-02 16:05:09,742][root][INFO] - Encoded passages 80640
[2022-11-02 16:05:11,572][root][INFO] - Encoded passages 80800
[2022-11-02 16:05:13,408][root][INFO] - Encoded passages 80960
[2022-11-02 16:05:15,256][root][INFO] - Encoded passages 81120
[2022-11-02 16:05:17,097][root][INFO] - Encoded passages 81280
[2022-11-02 16:05:18,952][root][INFO] - Encoded passages 81440
[2022-11-02 16:05:20,800][root][INFO] - Encoded passages 81600
[2022-11-02 16:05:22,651][root][INFO] - Encoded passages 81760
[2022-11-02 16:05:24,498][root][INFO] - Encoded passages 81920
[2022-11-02 16:05:26,349][root][INFO] - Encoded passages 82080
[2022-11-02 16:05:28,194][root][INFO] - Encoded passages 82240
[2022-11-02 16:05:30,037][root][INFO] - Encoded passages 82400
[2022-11-02 16:05:31,878][root][INFO] - Encoded passages 82560
[2022-11-02 16:05:33,723][root][INFO] - Encoded passages 82720
[2022-11-02 16:05:35,564][root][INFO] - Encoded passages 82880
[2022-11-02 16:05:37,423][root][INFO] - Encoded passages 83040
[2022-11-02 16:05:39,271][root][INFO] - Encoded passages 83200
[2022-11-02 16:05:41,124][root][INFO] - Encoded passages 83360
[2022-11-02 16:05:42,966][root][INFO] - Encoded passages 83520
[2022-11-02 16:05:44,814][root][INFO] - Encoded passages 83680
[2022-11-02 16:05:46,659][root][INFO] - Encoded passages 83840
[2022-11-02 16:05:48,514][root][INFO] - Encoded passages 84000
[2022-11-02 16:05:50,355][root][INFO] - Encoded passages 84160
[2022-11-02 16:05:52,205][root][INFO] - Encoded passages 84320
[2022-11-02 16:05:54,059][root][INFO] - Encoded passages 84480
[2022-11-02 16:05:55,896][root][INFO] - Encoded passages 84640
[2022-11-02 16:05:57,748][root][INFO] - Encoded passages 84800
[2022-11-02 16:05:59,596][root][INFO] - Encoded passages 84960
[2022-11-02 16:06:01,445][root][INFO] - Encoded passages 85120
[2022-11-02 16:06:03,289][root][INFO] - Encoded passages 85280
[2022-11-02 16:06:05,143][root][INFO] - Encoded passages 85440
[2022-11-02 16:06:06,997][root][INFO] - Encoded passages 85600
[2022-11-02 16:06:08,850][root][INFO] - Encoded passages 85760
[2022-11-02 16:06:10,690][root][INFO] - Encoded passages 85920
[2022-11-02 16:06:12,535][root][INFO] - Encoded passages 86080
[2022-11-02 16:06:14,373][root][INFO] - Encoded passages 86240
[2022-11-02 16:06:16,229][root][INFO] - Encoded passages 86400
[2022-11-02 16:06:18,072][root][INFO] - Encoded passages 86560
[2022-11-02 16:06:19,922][root][INFO] - Encoded passages 86720
